#
# A fatal error has been detected by the Java Runtime Environment:
#
#  EXCEPTION_ACCESS_VIOLATION (0xc0000005) at pc=0x00007ffd75fbd3c0, pid=25208, tid=21000
#
# JRE version: OpenJDK Runtime Environment (13.0.1+9) (build 13.0.1+9)
# Java VM: OpenJDK 64-Bit Server VM (13.0.1+9, mixed mode, sharing, tiered, compressed oops, g1 gc, windows-amd64)
# Problematic frame:
# V  [jvm.dll+0x3cd3c0]
#
# No core dump will be written. Minidumps are not enabled by default on client versions of Windows
#
# If you would like to submit a bug report, please visit:
#   https://github.com/AdoptOpenJDK/openjdk-build/issues
#

---------------  S U M M A R Y ------------

Command Line: -Dfile.encoding=UTF-8 crossplatformapi.test

Host: Intel(R) Core(TM) i7-8750H CPU @ 2.20GHz, 12 cores, 15G,  Windows 10 , 64 bit Build 18362 (10.0.18362.329)
Time: Fri Jan 10 15:21:07 2020 Mitteleuropäische Zeit elapsed time: 0 seconds (0d 0h 0m 0s)

---------------  T H R E A D  ---------------

Current thread (0x000001d540306000):  JavaThread "Thread-0" [_thread_in_vm, id=21000, stack(0x0000000e17700000,0x0000000e17800000)]

Stack: [0x0000000e17700000,0x0000000e17800000],  sp=0x0000000e177ff3e0,  free space=1020k
Native frames: (J=compiled Java code, j=interpreted, Vv=VM code, C=native code)
V  [jvm.dll+0x3cd3c0]
C  [CrossPlatformAPIWindows.dll+0x113c]

Java frames: (J=compiled Java code, j=interpreted, Vv=VM code)
j  crossplatformapi.jni.keyboard.KeyboardListener.registerListener()V+0
j  crossplatformapi.test.lambda$0()V+8
j  crossplatformapi.test$$Lambda$1.run()V+0
j  java.lang.Thread.run()V+11 java.base@13.0.1
v  ~StubRoutines::call_stub

siginfo: EXCEPTION_ACCESS_VIOLATION (0xc0000005), reading address 0x0000000000000000


Register to memory mapping:

RIP=0x00007ffd75fbd3c0 jvm.dll
RAX=0x0 is NULL
RBX=0x000001d540306000 is a thread
RCX=0x9e73eb64de5f0000 is an unknown value
RDX=0x0000000000000006 is an unknown value
RSP=0x0000000e177ff3e0 is pointing into the stack for thread: 0x000001d540306000
RBP=0x000001d540306310 points into unknown readable memory: f0 19 67 76 fd 7f 00 00
RSI=0x0000000e177ffb00 is pointing into the stack for thread: 0x000001d540306000
RDI=0x000001d540306000 is a thread
R8 =0x0 is NULL
R9 =0x0000000e177ff4e8 is pointing into the stack for thread: 0x000001d540306000
R10=0x0 is NULL
R11=0x0000000e177ff3d8 is pointing into the stack for thread: 0x000001d540306000
R12=0x0 is NULL
R13={method} {0x000001d53fd12600} 'registerListener' '()V' in 'crossplatformapi/jni/keyboard/KeyboardListener'
R14=0x0 is NULL
R15=0x0000000e177ff4e8 is pointing into the stack for thread: 0x000001d540306000


Registers:
RAX=0x0000000000000000, RBX=0x000001d540306000, RCX=0x9e73eb64de5f0000, RDX=0x0000000000000006
RSP=0x0000000e177ff3e0, RBP=0x000001d540306310, RSI=0x0000000e177ffb00, RDI=0x000001d540306000
R8 =0x0000000000000000, R9 =0x0000000e177ff4e8, R10=0x0000000000000000, R11=0x0000000e177ff3d8
R12=0x0000000000000000, R13=0x000001d53fd125f8, R14=0x0000000000000000, R15=0x0000000e177ff4e8
RIP=0x00007ffd75fbd3c0, EFLAGS=0x0000000000010202

Top of Stack: (sp=0x0000000e177ff3e0)
0x0000000e177ff3e0:   000001d540306000 0000000e177ffb00
0x0000000e177ff3f0:   0000000e177ff428 0000002d00000038
0x0000000e177ff400:   00007ffdca071164 000000000000000d
0x0000000e177ff410:   00007ffdc2ac1150 0000000e177ff468
0x0000000e177ff420:   00007ffdc2ac3258 00000000000d0000
0x0000000e177ff430:   000001d540306000 000001d5401b5b58
0x0000000e177ff440:   00007ffd00000543 00007ffd764e9080
0x0000000e177ff450:   01a6768300000000 0000000000000000
0x0000000e177ff460:   ffffffffffffffff 00007ffdccac41cd
0x0000000e177ff470:   0044004900770073 006f0049005f0053
0x0000000e177ff480:   000001d540306000 0000000e177ff5e8
0x0000000e177ff490:   000001d523e89a10 00007ffdc2ac113c
0x0000000e177ff4a0:   000001d53fd125f8 0000000e177ff5d0
0x0000000e177ff4b0:   0000000e177ffbb0 0000000e177ff5d0
0x0000000e177ff4c0:   000001d53fd125f8 00007ffdc2ac1351
0x0000000e177ff4d0:   000001d523e89a10 0000000e177ff5d0 

Instructions: (pc=0x00007ffd75fbd3c0)
0x00007ffd75fbd2c0:   9f f0 00 00 00 48 8b 4b 10 4c 39 31 74 0c 48 8b
0x00007ffd75fbd2d0:   cb e8 8a b0 f7 ff 48 8b 4b 10 48 8b 43 08 48 89
0x00007ffd75fbd2e0:   48 10 48 8b 4b 08 48 8b 43 18 48 89 41 18 48 8b
0x00007ffd75fbd2f0:   4b 08 48 8b 43 20 48 89 41 20 c7 87 88 03 00 00
0x00007ffd75fbd300:   07 00 00 00 e8 d7 1b 25 00 83 3d f0 68 75 00 01
0x00007ffd75fbd310:   75 0e 48 8b 87 08 01 00 00 c0 e8 03 a8 01 74 08
0x00007ffd75fbd320:   48 8b cf e8 78 80 2c 00 c7 87 88 03 00 00 04 00
0x00007ffd75fbd330:   00 00 48 81 c4 b0 00 00 00 41 5e 5f 5e 5d 5b c3
0x00007ffd75fbd340:   48 89 5c 24 08 48 89 6c 24 10 48 89 74 24 18 57
0x00007ffd75fbd350:   41 56 41 57 48 81 ec a0 00 00 00 8b 81 90 00 00
0x00007ffd75fbd360:   00 48 8d b9 f0 fc ff ff 05 55 21 ff ff 4d 8b f9
0x00007ffd75fbd370:   4d 8b f0 48 8b e9 83 f8 01 76 0d 48 8b cf 40 b6
0x00007ffd75fbd380:   01 e8 ca 79 3c 00 eb 03 40 32 f6 33 db ba 06 00
0x00007ffd75fbd390:   00 00 40 84 f6 48 0f 44 df 48 8b cb e8 9f 24 d7
0x00007ffd75fbd3a0:   ff 48 83 7b 08 00 48 89 5c 24 50 48 c7 44 24 58
0x00007ffd75fbd3b0:   00 00 00 00 74 0a 48 8d 4c 24 50 e8 10 31 29 00
0x00007ffd75fbd3c0:   49 8b 06 48 8d 4c 24 70 c7 44 24 40 0e 00 00 00
0x00007ffd75fbd3d0:   48 8b 50 08 0f b7 42 2c 48 8b 52 08 48 8b 54 c2
0x00007ffd75fbd3e0:   40 e8 0a f0 33 00 48 8d 05 43 be 52 00 48 89 5c
0x00007ffd75fbd3f0:   24 30 48 89 44 24 70 48 8d 54 24 40 48 8d 44 24
0x00007ffd75fbd400:   70 c7 84 24 88 00 00 00 63 00 00 00 48 89 44 24
0x00007ffd75fbd410:   28 45 33 c9 45 33 c0 4c 89 74 24 20 48 8b cd 48
0x00007ffd75fbd420:   c7 84 24 90 00 00 00 00 00 00 00 4c 89 bc 24 98
0x00007ffd75fbd430:   00 00 00 e8 78 4c 00 00 48 83 7c 24 58 00 74 0a
0x00007ffd75fbd440:   48 8d 4c 24 50 e8 26 31 29 00 48 8b bb f0 00 00
0x00007ffd75fbd450:   00 48 8b 4f 10 48 83 39 00 74 0c 48 8b cf e8 fd
0x00007ffd75fbd460:   ae f7 ff 48 8b 4f 10 48 8b 47 08 48 89 48 10 48
0x00007ffd75fbd470:   8b 4f 08 48 8b 47 18 48 89 41 18 48 8b 4f 08 48
0x00007ffd75fbd480:   8b 47 20 48 89 41 20 c7 83 88 03 00 00 07 00 00
0x00007ffd75fbd490:   00 e8 4a 1a 25 00 83 3d 63 67 75 00 01 75 0e 48
0x00007ffd75fbd4a0:   8b 83 08 01 00 00 c0 e8 03 a8 01 74 08 48 8b cb
0x00007ffd75fbd4b0:   e8 eb 7e 2c 00 4c 8d 9c 24 a0 00 00 00 c7 83 88 


Stack slot to memory mapping:
stack at sp + 0 slots: 0x000001d540306000 is a thread
stack at sp + 1 slots: 0x0000000e177ffb00 is pointing into the stack for thread: 0x000001d540306000
stack at sp + 2 slots: 0x0000000e177ff428 is pointing into the stack for thread: 0x000001d540306000
stack at sp + 3 slots: 0x0000002d00000038 is an unknown value
stack at sp + 4 slots: 0x00007ffdca071164 win32u.dll
stack at sp + 5 slots: 0x000000000000000d is an unknown value
stack at sp + 6 slots: 0x00007ffdc2ac1150 CrossPlatformAPIWindows.dll
stack at sp + 7 slots: 0x0000000e177ff468 is pointing into the stack for thread: 0x000001d540306000


---------------  P R O C E S S  ---------------

Threads class SMR info:
_java_thread_list=0x000001d5402f1750, length=11, elements={
0x000001d51b6b0000, 0x000001d53f901800, 0x000001d53f905000, 0x000001d5401a4800,
0x000001d5401a7000, 0x000001d5401a9000, 0x000001d5401aa800, 0x000001d5401b4800,
0x000001d5402ea800, 0x000001d5402e9800, 0x000001d540306000
}

Java Threads: ( => current thread )
  0x000001d51b6b0000 JavaThread "main" [_thread_blocked, id=22160, stack(0x0000000e16600000,0x0000000e16700000)]
  0x000001d53f901800 JavaThread "Reference Handler" daemon [_thread_blocked, id=2576, stack(0x0000000e16d00000,0x0000000e16e00000)]
  0x000001d53f905000 JavaThread "Finalizer" daemon [_thread_blocked, id=24764, stack(0x0000000e16e00000,0x0000000e16f00000)]
  0x000001d5401a4800 JavaThread "Signal Dispatcher" daemon [_thread_blocked, id=17472, stack(0x0000000e16f00000,0x0000000e17000000)]
  0x000001d5401a7000 JavaThread "Attach Listener" daemon [_thread_blocked, id=3800, stack(0x0000000e17000000,0x0000000e17100000)]
  0x000001d5401a9000 JavaThread "C2 CompilerThread0" daemon [_thread_blocked, id=6516, stack(0x0000000e17100000,0x0000000e17200000)]
  0x000001d5401aa800 JavaThread "C1 CompilerThread0" daemon [_thread_blocked, id=4720, stack(0x0000000e17200000,0x0000000e17300000)]
  0x000001d5401b4800 JavaThread "Sweeper thread" daemon [_thread_blocked, id=26372, stack(0x0000000e17300000,0x0000000e17400000)]
  0x000001d5402ea800 JavaThread "Service Thread" daemon [_thread_blocked, id=19300, stack(0x0000000e17400000,0x0000000e17500000)]
  0x000001d5402e9800 JavaThread "Common-Cleaner" daemon [_thread_blocked, id=17248, stack(0x0000000e17600000,0x0000000e17700000)]
=>0x000001d540306000 JavaThread "Thread-0" [_thread_in_vm, id=21000, stack(0x0000000e17700000,0x0000000e17800000)]

Other Threads:
  0x000001d53f900800 VMThread "VM Thread" [stack: 0x0000000e16c00000,0x0000000e16d00000] [id=21776]
  0x000001d5402e1000 WatcherThread [stack: 0x0000000e17500000,0x0000000e17600000] [id=26096]
  0x000001d51b71d000 GCTaskThread "GC Thread#0" [stack: 0x0000000e16700000,0x0000000e16800000] [id=25960]
  0x000001d51b741000 ConcurrentGCThread "G1 Main Marker" [stack: 0x0000000e16800000,0x0000000e16900000] [id=26204]
  0x000001d51b742800 ConcurrentGCThread "G1 Conc#0" [stack: 0x0000000e16900000,0x0000000e16a00000] [id=24120]
  0x000001d53f7f1800 ConcurrentGCThread "G1 Refine#0" [stack: 0x0000000e16a00000,0x0000000e16b00000] [id=7008]
  0x000001d53f7f3800 ConcurrentGCThread "G1 Young RemSet Sampling" [stack: 0x0000000e16b00000,0x0000000e16c00000] [id=17060]

Threads with active compile tasks:

VM state:not at safepoint (normal execution)

VM Mutex/Monitor currently owned by a thread: None

Heap address: 0x0000000702c00000, size: 4052 MB, Compressed Oops mode: Zero based, Oop shift amount: 3
Narrow klass base: 0x0000000800000000, Narrow klass shift: 3
Compressed class space size: 1073741824 Address: 0x0000000800b50000

Heap:
 garbage-first heap   total 260096K, used 1024K [0x0000000702c00000, 0x0000000800000000)
  region size 1024K, 2 young (2048K), 0 survivors (0K)
 Metaspace       used 306K, capacity 4500K, committed 4864K, reserved 1056768K
  class space    used 23K, capacity 390K, committed 512K, reserved 1048576K
Heap Regions: E=young(eden), S=young(survivor), O=old, HS=humongous(starts), HC=humongous(continues), CS=collection set, F=free, A=archive, TAMS=top-at-mark-start (previous, next)
|   0|0x0000000702c00000, 0x0000000702c00000, 0x0000000702d00000|  0%| F|  |TAMS 0x0000000702c00000, 0x0000000702c00000| Untracked 
|   1|0x0000000702d00000, 0x0000000702d00000, 0x0000000702e00000|  0%| F|  |TAMS 0x0000000702d00000, 0x0000000702d00000| Untracked 
|   2|0x0000000702e00000, 0x0000000702e00000, 0x0000000702f00000|  0%| F|  |TAMS 0x0000000702e00000, 0x0000000702e00000| Untracked 
|   3|0x0000000702f00000, 0x0000000702f00000, 0x0000000703000000|  0%| F|  |TAMS 0x0000000702f00000, 0x0000000702f00000| Untracked 
|   4|0x0000000703000000, 0x0000000703000000, 0x0000000703100000|  0%| F|  |TAMS 0x0000000703000000, 0x0000000703000000| Untracked 
|   5|0x0000000703100000, 0x0000000703100000, 0x0000000703200000|  0%| F|  |TAMS 0x0000000703100000, 0x0000000703100000| Untracked 
|   6|0x0000000703200000, 0x0000000703200000, 0x0000000703300000|  0%| F|  |TAMS 0x0000000703200000, 0x0000000703200000| Untracked 
|   7|0x0000000703300000, 0x0000000703300000, 0x0000000703400000|  0%| F|  |TAMS 0x0000000703300000, 0x0000000703300000| Untracked 
|   8|0x0000000703400000, 0x0000000703400000, 0x0000000703500000|  0%| F|  |TAMS 0x0000000703400000, 0x0000000703400000| Untracked 
|   9|0x0000000703500000, 0x0000000703500000, 0x0000000703600000|  0%| F|  |TAMS 0x0000000703500000, 0x0000000703500000| Untracked 
|  10|0x0000000703600000, 0x0000000703600000, 0x0000000703700000|  0%| F|  |TAMS 0x0000000703600000, 0x0000000703600000| Untracked 
|  11|0x0000000703700000, 0x0000000703700000, 0x0000000703800000|  0%| F|  |TAMS 0x0000000703700000, 0x0000000703700000| Untracked 
|  12|0x0000000703800000, 0x0000000703800000, 0x0000000703900000|  0%| F|  |TAMS 0x0000000703800000, 0x0000000703800000| Untracked 
|  13|0x0000000703900000, 0x0000000703900000, 0x0000000703a00000|  0%| F|  |TAMS 0x0000000703900000, 0x0000000703900000| Untracked 
|  14|0x0000000703a00000, 0x0000000703a00000, 0x0000000703b00000|  0%| F|  |TAMS 0x0000000703a00000, 0x0000000703a00000| Untracked 
|  15|0x0000000703b00000, 0x0000000703b00000, 0x0000000703c00000|  0%| F|  |TAMS 0x0000000703b00000, 0x0000000703b00000| Untracked 
|  16|0x0000000703c00000, 0x0000000703c00000, 0x0000000703d00000|  0%| F|  |TAMS 0x0000000703c00000, 0x0000000703c00000| Untracked 
|  17|0x0000000703d00000, 0x0000000703d00000, 0x0000000703e00000|  0%| F|  |TAMS 0x0000000703d00000, 0x0000000703d00000| Untracked 
|  18|0x0000000703e00000, 0x0000000703e00000, 0x0000000703f00000|  0%| F|  |TAMS 0x0000000703e00000, 0x0000000703e00000| Untracked 
|  19|0x0000000703f00000, 0x0000000703f00000, 0x0000000704000000|  0%| F|  |TAMS 0x0000000703f00000, 0x0000000703f00000| Untracked 
|  20|0x0000000704000000, 0x0000000704000000, 0x0000000704100000|  0%| F|  |TAMS 0x0000000704000000, 0x0000000704000000| Untracked 
|  21|0x0000000704100000, 0x0000000704100000, 0x0000000704200000|  0%| F|  |TAMS 0x0000000704100000, 0x0000000704100000| Untracked 
|  22|0x0000000704200000, 0x0000000704200000, 0x0000000704300000|  0%| F|  |TAMS 0x0000000704200000, 0x0000000704200000| Untracked 
|  23|0x0000000704300000, 0x0000000704300000, 0x0000000704400000|  0%| F|  |TAMS 0x0000000704300000, 0x0000000704300000| Untracked 
|  24|0x0000000704400000, 0x0000000704400000, 0x0000000704500000|  0%| F|  |TAMS 0x0000000704400000, 0x0000000704400000| Untracked 
|  25|0x0000000704500000, 0x0000000704500000, 0x0000000704600000|  0%| F|  |TAMS 0x0000000704500000, 0x0000000704500000| Untracked 
|  26|0x0000000704600000, 0x0000000704600000, 0x0000000704700000|  0%| F|  |TAMS 0x0000000704600000, 0x0000000704600000| Untracked 
|  27|0x0000000704700000, 0x0000000704700000, 0x0000000704800000|  0%| F|  |TAMS 0x0000000704700000, 0x0000000704700000| Untracked 
|  28|0x0000000704800000, 0x0000000704800000, 0x0000000704900000|  0%| F|  |TAMS 0x0000000704800000, 0x0000000704800000| Untracked 
|  29|0x0000000704900000, 0x0000000704900000, 0x0000000704a00000|  0%| F|  |TAMS 0x0000000704900000, 0x0000000704900000| Untracked 
|  30|0x0000000704a00000, 0x0000000704a00000, 0x0000000704b00000|  0%| F|  |TAMS 0x0000000704a00000, 0x0000000704a00000| Untracked 
|  31|0x0000000704b00000, 0x0000000704b00000, 0x0000000704c00000|  0%| F|  |TAMS 0x0000000704b00000, 0x0000000704b00000| Untracked 
|  32|0x0000000704c00000, 0x0000000704c00000, 0x0000000704d00000|  0%| F|  |TAMS 0x0000000704c00000, 0x0000000704c00000| Untracked 
|  33|0x0000000704d00000, 0x0000000704d00000, 0x0000000704e00000|  0%| F|  |TAMS 0x0000000704d00000, 0x0000000704d00000| Untracked 
|  34|0x0000000704e00000, 0x0000000704e00000, 0x0000000704f00000|  0%| F|  |TAMS 0x0000000704e00000, 0x0000000704e00000| Untracked 
|  35|0x0000000704f00000, 0x0000000704f00000, 0x0000000705000000|  0%| F|  |TAMS 0x0000000704f00000, 0x0000000704f00000| Untracked 
|  36|0x0000000705000000, 0x0000000705000000, 0x0000000705100000|  0%| F|  |TAMS 0x0000000705000000, 0x0000000705000000| Untracked 
|  37|0x0000000705100000, 0x0000000705100000, 0x0000000705200000|  0%| F|  |TAMS 0x0000000705100000, 0x0000000705100000| Untracked 
|  38|0x0000000705200000, 0x0000000705200000, 0x0000000705300000|  0%| F|  |TAMS 0x0000000705200000, 0x0000000705200000| Untracked 
|  39|0x0000000705300000, 0x0000000705300000, 0x0000000705400000|  0%| F|  |TAMS 0x0000000705300000, 0x0000000705300000| Untracked 
|  40|0x0000000705400000, 0x0000000705400000, 0x0000000705500000|  0%| F|  |TAMS 0x0000000705400000, 0x0000000705400000| Untracked 
|  41|0x0000000705500000, 0x0000000705500000, 0x0000000705600000|  0%| F|  |TAMS 0x0000000705500000, 0x0000000705500000| Untracked 
|  42|0x0000000705600000, 0x0000000705600000, 0x0000000705700000|  0%| F|  |TAMS 0x0000000705600000, 0x0000000705600000| Untracked 
|  43|0x0000000705700000, 0x0000000705700000, 0x0000000705800000|  0%| F|  |TAMS 0x0000000705700000, 0x0000000705700000| Untracked 
|  44|0x0000000705800000, 0x0000000705800000, 0x0000000705900000|  0%| F|  |TAMS 0x0000000705800000, 0x0000000705800000| Untracked 
|  45|0x0000000705900000, 0x0000000705900000, 0x0000000705a00000|  0%| F|  |TAMS 0x0000000705900000, 0x0000000705900000| Untracked 
|  46|0x0000000705a00000, 0x0000000705a00000, 0x0000000705b00000|  0%| F|  |TAMS 0x0000000705a00000, 0x0000000705a00000| Untracked 
|  47|0x0000000705b00000, 0x0000000705b00000, 0x0000000705c00000|  0%| F|  |TAMS 0x0000000705b00000, 0x0000000705b00000| Untracked 
|  48|0x0000000705c00000, 0x0000000705c00000, 0x0000000705d00000|  0%| F|  |TAMS 0x0000000705c00000, 0x0000000705c00000| Untracked 
|  49|0x0000000705d00000, 0x0000000705d00000, 0x0000000705e00000|  0%| F|  |TAMS 0x0000000705d00000, 0x0000000705d00000| Untracked 
|  50|0x0000000705e00000, 0x0000000705e00000, 0x0000000705f00000|  0%| F|  |TAMS 0x0000000705e00000, 0x0000000705e00000| Untracked 
|  51|0x0000000705f00000, 0x0000000705f00000, 0x0000000706000000|  0%| F|  |TAMS 0x0000000705f00000, 0x0000000705f00000| Untracked 
|  52|0x0000000706000000, 0x0000000706000000, 0x0000000706100000|  0%| F|  |TAMS 0x0000000706000000, 0x0000000706000000| Untracked 
|  53|0x0000000706100000, 0x0000000706100000, 0x0000000706200000|  0%| F|  |TAMS 0x0000000706100000, 0x0000000706100000| Untracked 
|  54|0x0000000706200000, 0x0000000706200000, 0x0000000706300000|  0%| F|  |TAMS 0x0000000706200000, 0x0000000706200000| Untracked 
|  55|0x0000000706300000, 0x0000000706300000, 0x0000000706400000|  0%| F|  |TAMS 0x0000000706300000, 0x0000000706300000| Untracked 
|  56|0x0000000706400000, 0x0000000706400000, 0x0000000706500000|  0%| F|  |TAMS 0x0000000706400000, 0x0000000706400000| Untracked 
|  57|0x0000000706500000, 0x0000000706500000, 0x0000000706600000|  0%| F|  |TAMS 0x0000000706500000, 0x0000000706500000| Untracked 
|  58|0x0000000706600000, 0x0000000706600000, 0x0000000706700000|  0%| F|  |TAMS 0x0000000706600000, 0x0000000706600000| Untracked 
|  59|0x0000000706700000, 0x0000000706700000, 0x0000000706800000|  0%| F|  |TAMS 0x0000000706700000, 0x0000000706700000| Untracked 
|  60|0x0000000706800000, 0x0000000706800000, 0x0000000706900000|  0%| F|  |TAMS 0x0000000706800000, 0x0000000706800000| Untracked 
|  61|0x0000000706900000, 0x0000000706900000, 0x0000000706a00000|  0%| F|  |TAMS 0x0000000706900000, 0x0000000706900000| Untracked 
|  62|0x0000000706a00000, 0x0000000706a00000, 0x0000000706b00000|  0%| F|  |TAMS 0x0000000706a00000, 0x0000000706a00000| Untracked 
|  63|0x0000000706b00000, 0x0000000706b00000, 0x0000000706c00000|  0%| F|  |TAMS 0x0000000706b00000, 0x0000000706b00000| Untracked 
|  64|0x0000000706c00000, 0x0000000706c00000, 0x0000000706d00000|  0%| F|  |TAMS 0x0000000706c00000, 0x0000000706c00000| Untracked 
|  65|0x0000000706d00000, 0x0000000706d00000, 0x0000000706e00000|  0%| F|  |TAMS 0x0000000706d00000, 0x0000000706d00000| Untracked 
|  66|0x0000000706e00000, 0x0000000706e00000, 0x0000000706f00000|  0%| F|  |TAMS 0x0000000706e00000, 0x0000000706e00000| Untracked 
|  67|0x0000000706f00000, 0x0000000706f00000, 0x0000000707000000|  0%| F|  |TAMS 0x0000000706f00000, 0x0000000706f00000| Untracked 
|  68|0x0000000707000000, 0x0000000707000000, 0x0000000707100000|  0%| F|  |TAMS 0x0000000707000000, 0x0000000707000000| Untracked 
|  69|0x0000000707100000, 0x0000000707100000, 0x0000000707200000|  0%| F|  |TAMS 0x0000000707100000, 0x0000000707100000| Untracked 
|  70|0x0000000707200000, 0x0000000707200000, 0x0000000707300000|  0%| F|  |TAMS 0x0000000707200000, 0x0000000707200000| Untracked 
|  71|0x0000000707300000, 0x0000000707300000, 0x0000000707400000|  0%| F|  |TAMS 0x0000000707300000, 0x0000000707300000| Untracked 
|  72|0x0000000707400000, 0x0000000707400000, 0x0000000707500000|  0%| F|  |TAMS 0x0000000707400000, 0x0000000707400000| Untracked 
|  73|0x0000000707500000, 0x0000000707500000, 0x0000000707600000|  0%| F|  |TAMS 0x0000000707500000, 0x0000000707500000| Untracked 
|  74|0x0000000707600000, 0x0000000707600000, 0x0000000707700000|  0%| F|  |TAMS 0x0000000707600000, 0x0000000707600000| Untracked 
|  75|0x0000000707700000, 0x0000000707700000, 0x0000000707800000|  0%| F|  |TAMS 0x0000000707700000, 0x0000000707700000| Untracked 
|  76|0x0000000707800000, 0x0000000707800000, 0x0000000707900000|  0%| F|  |TAMS 0x0000000707800000, 0x0000000707800000| Untracked 
|  77|0x0000000707900000, 0x0000000707900000, 0x0000000707a00000|  0%| F|  |TAMS 0x0000000707900000, 0x0000000707900000| Untracked 
|  78|0x0000000707a00000, 0x0000000707a00000, 0x0000000707b00000|  0%| F|  |TAMS 0x0000000707a00000, 0x0000000707a00000| Untracked 
|  79|0x0000000707b00000, 0x0000000707b00000, 0x0000000707c00000|  0%| F|  |TAMS 0x0000000707b00000, 0x0000000707b00000| Untracked 
|  80|0x0000000707c00000, 0x0000000707c00000, 0x0000000707d00000|  0%| F|  |TAMS 0x0000000707c00000, 0x0000000707c00000| Untracked 
|  81|0x0000000707d00000, 0x0000000707d00000, 0x0000000707e00000|  0%| F|  |TAMS 0x0000000707d00000, 0x0000000707d00000| Untracked 
|  82|0x0000000707e00000, 0x0000000707e00000, 0x0000000707f00000|  0%| F|  |TAMS 0x0000000707e00000, 0x0000000707e00000| Untracked 
|  83|0x0000000707f00000, 0x0000000707f00000, 0x0000000708000000|  0%| F|  |TAMS 0x0000000707f00000, 0x0000000707f00000| Untracked 
|  84|0x0000000708000000, 0x0000000708000000, 0x0000000708100000|  0%| F|  |TAMS 0x0000000708000000, 0x0000000708000000| Untracked 
|  85|0x0000000708100000, 0x0000000708100000, 0x0000000708200000|  0%| F|  |TAMS 0x0000000708100000, 0x0000000708100000| Untracked 
|  86|0x0000000708200000, 0x0000000708200000, 0x0000000708300000|  0%| F|  |TAMS 0x0000000708200000, 0x0000000708200000| Untracked 
|  87|0x0000000708300000, 0x0000000708300000, 0x0000000708400000|  0%| F|  |TAMS 0x0000000708300000, 0x0000000708300000| Untracked 
|  88|0x0000000708400000, 0x0000000708400000, 0x0000000708500000|  0%| F|  |TAMS 0x0000000708400000, 0x0000000708400000| Untracked 
|  89|0x0000000708500000, 0x0000000708500000, 0x0000000708600000|  0%| F|  |TAMS 0x0000000708500000, 0x0000000708500000| Untracked 
|  90|0x0000000708600000, 0x0000000708600000, 0x0000000708700000|  0%| F|  |TAMS 0x0000000708600000, 0x0000000708600000| Untracked 
|  91|0x0000000708700000, 0x0000000708700000, 0x0000000708800000|  0%| F|  |TAMS 0x0000000708700000, 0x0000000708700000| Untracked 
|  92|0x0000000708800000, 0x0000000708800000, 0x0000000708900000|  0%| F|  |TAMS 0x0000000708800000, 0x0000000708800000| Untracked 
|  93|0x0000000708900000, 0x0000000708900000, 0x0000000708a00000|  0%| F|  |TAMS 0x0000000708900000, 0x0000000708900000| Untracked 
|  94|0x0000000708a00000, 0x0000000708a00000, 0x0000000708b00000|  0%| F|  |TAMS 0x0000000708a00000, 0x0000000708a00000| Untracked 
|  95|0x0000000708b00000, 0x0000000708b00000, 0x0000000708c00000|  0%| F|  |TAMS 0x0000000708b00000, 0x0000000708b00000| Untracked 
|  96|0x0000000708c00000, 0x0000000708c00000, 0x0000000708d00000|  0%| F|  |TAMS 0x0000000708c00000, 0x0000000708c00000| Untracked 
|  97|0x0000000708d00000, 0x0000000708d00000, 0x0000000708e00000|  0%| F|  |TAMS 0x0000000708d00000, 0x0000000708d00000| Untracked 
|  98|0x0000000708e00000, 0x0000000708e00000, 0x0000000708f00000|  0%| F|  |TAMS 0x0000000708e00000, 0x0000000708e00000| Untracked 
|  99|0x0000000708f00000, 0x0000000708f00000, 0x0000000709000000|  0%| F|  |TAMS 0x0000000708f00000, 0x0000000708f00000| Untracked 
| 100|0x0000000709000000, 0x0000000709000000, 0x0000000709100000|  0%| F|  |TAMS 0x0000000709000000, 0x0000000709000000| Untracked 
| 101|0x0000000709100000, 0x0000000709100000, 0x0000000709200000|  0%| F|  |TAMS 0x0000000709100000, 0x0000000709100000| Untracked 
| 102|0x0000000709200000, 0x0000000709200000, 0x0000000709300000|  0%| F|  |TAMS 0x0000000709200000, 0x0000000709200000| Untracked 
| 103|0x0000000709300000, 0x0000000709300000, 0x0000000709400000|  0%| F|  |TAMS 0x0000000709300000, 0x0000000709300000| Untracked 
| 104|0x0000000709400000, 0x0000000709400000, 0x0000000709500000|  0%| F|  |TAMS 0x0000000709400000, 0x0000000709400000| Untracked 
| 105|0x0000000709500000, 0x0000000709500000, 0x0000000709600000|  0%| F|  |TAMS 0x0000000709500000, 0x0000000709500000| Untracked 
| 106|0x0000000709600000, 0x0000000709600000, 0x0000000709700000|  0%| F|  |TAMS 0x0000000709600000, 0x0000000709600000| Untracked 
| 107|0x0000000709700000, 0x0000000709700000, 0x0000000709800000|  0%| F|  |TAMS 0x0000000709700000, 0x0000000709700000| Untracked 
| 108|0x0000000709800000, 0x0000000709800000, 0x0000000709900000|  0%| F|  |TAMS 0x0000000709800000, 0x0000000709800000| Untracked 
| 109|0x0000000709900000, 0x0000000709900000, 0x0000000709a00000|  0%| F|  |TAMS 0x0000000709900000, 0x0000000709900000| Untracked 
| 110|0x0000000709a00000, 0x0000000709a00000, 0x0000000709b00000|  0%| F|  |TAMS 0x0000000709a00000, 0x0000000709a00000| Untracked 
| 111|0x0000000709b00000, 0x0000000709b00000, 0x0000000709c00000|  0%| F|  |TAMS 0x0000000709b00000, 0x0000000709b00000| Untracked 
| 112|0x0000000709c00000, 0x0000000709c00000, 0x0000000709d00000|  0%| F|  |TAMS 0x0000000709c00000, 0x0000000709c00000| Untracked 
| 113|0x0000000709d00000, 0x0000000709d00000, 0x0000000709e00000|  0%| F|  |TAMS 0x0000000709d00000, 0x0000000709d00000| Untracked 
| 114|0x0000000709e00000, 0x0000000709e00000, 0x0000000709f00000|  0%| F|  |TAMS 0x0000000709e00000, 0x0000000709e00000| Untracked 
| 115|0x0000000709f00000, 0x0000000709f00000, 0x000000070a000000|  0%| F|  |TAMS 0x0000000709f00000, 0x0000000709f00000| Untracked 
| 116|0x000000070a000000, 0x000000070a000000, 0x000000070a100000|  0%| F|  |TAMS 0x000000070a000000, 0x000000070a000000| Untracked 
| 117|0x000000070a100000, 0x000000070a100000, 0x000000070a200000|  0%| F|  |TAMS 0x000000070a100000, 0x000000070a100000| Untracked 
| 118|0x000000070a200000, 0x000000070a200000, 0x000000070a300000|  0%| F|  |TAMS 0x000000070a200000, 0x000000070a200000| Untracked 
| 119|0x000000070a300000, 0x000000070a300000, 0x000000070a400000|  0%| F|  |TAMS 0x000000070a300000, 0x000000070a300000| Untracked 
| 120|0x000000070a400000, 0x000000070a400000, 0x000000070a500000|  0%| F|  |TAMS 0x000000070a400000, 0x000000070a400000| Untracked 
| 121|0x000000070a500000, 0x000000070a500000, 0x000000070a600000|  0%| F|  |TAMS 0x000000070a500000, 0x000000070a500000| Untracked 
| 122|0x000000070a600000, 0x000000070a600000, 0x000000070a700000|  0%| F|  |TAMS 0x000000070a600000, 0x000000070a600000| Untracked 
| 123|0x000000070a700000, 0x000000070a700000, 0x000000070a800000|  0%| F|  |TAMS 0x000000070a700000, 0x000000070a700000| Untracked 
| 124|0x000000070a800000, 0x000000070a800000, 0x000000070a900000|  0%| F|  |TAMS 0x000000070a800000, 0x000000070a800000| Untracked 
| 125|0x000000070a900000, 0x000000070a900000, 0x000000070aa00000|  0%| F|  |TAMS 0x000000070a900000, 0x000000070a900000| Untracked 
| 126|0x000000070aa00000, 0x000000070aa00000, 0x000000070ab00000|  0%| F|  |TAMS 0x000000070aa00000, 0x000000070aa00000| Untracked 
| 127|0x000000070ab00000, 0x000000070ab00000, 0x000000070ac00000|  0%| F|  |TAMS 0x000000070ab00000, 0x000000070ab00000| Untracked 
| 128|0x000000070ac00000, 0x000000070ac00000, 0x000000070ad00000|  0%| F|  |TAMS 0x000000070ac00000, 0x000000070ac00000| Untracked 
| 129|0x000000070ad00000, 0x000000070ad00000, 0x000000070ae00000|  0%| F|  |TAMS 0x000000070ad00000, 0x000000070ad00000| Untracked 
| 130|0x000000070ae00000, 0x000000070ae00000, 0x000000070af00000|  0%| F|  |TAMS 0x000000070ae00000, 0x000000070ae00000| Untracked 
| 131|0x000000070af00000, 0x000000070af00000, 0x000000070b000000|  0%| F|  |TAMS 0x000000070af00000, 0x000000070af00000| Untracked 
| 132|0x000000070b000000, 0x000000070b000000, 0x000000070b100000|  0%| F|  |TAMS 0x000000070b000000, 0x000000070b000000| Untracked 
| 133|0x000000070b100000, 0x000000070b100000, 0x000000070b200000|  0%| F|  |TAMS 0x000000070b100000, 0x000000070b100000| Untracked 
| 134|0x000000070b200000, 0x000000070b200000, 0x000000070b300000|  0%| F|  |TAMS 0x000000070b200000, 0x000000070b200000| Untracked 
| 135|0x000000070b300000, 0x000000070b300000, 0x000000070b400000|  0%| F|  |TAMS 0x000000070b300000, 0x000000070b300000| Untracked 
| 136|0x000000070b400000, 0x000000070b400000, 0x000000070b500000|  0%| F|  |TAMS 0x000000070b400000, 0x000000070b400000| Untracked 
| 137|0x000000070b500000, 0x000000070b500000, 0x000000070b600000|  0%| F|  |TAMS 0x000000070b500000, 0x000000070b500000| Untracked 
| 138|0x000000070b600000, 0x000000070b600000, 0x000000070b700000|  0%| F|  |TAMS 0x000000070b600000, 0x000000070b600000| Untracked 
| 139|0x000000070b700000, 0x000000070b700000, 0x000000070b800000|  0%| F|  |TAMS 0x000000070b700000, 0x000000070b700000| Untracked 
| 140|0x000000070b800000, 0x000000070b800000, 0x000000070b900000|  0%| F|  |TAMS 0x000000070b800000, 0x000000070b800000| Untracked 
| 141|0x000000070b900000, 0x000000070b900000, 0x000000070ba00000|  0%| F|  |TAMS 0x000000070b900000, 0x000000070b900000| Untracked 
| 142|0x000000070ba00000, 0x000000070ba00000, 0x000000070bb00000|  0%| F|  |TAMS 0x000000070ba00000, 0x000000070ba00000| Untracked 
| 143|0x000000070bb00000, 0x000000070bb00000, 0x000000070bc00000|  0%| F|  |TAMS 0x000000070bb00000, 0x000000070bb00000| Untracked 
| 144|0x000000070bc00000, 0x000000070bc00000, 0x000000070bd00000|  0%| F|  |TAMS 0x000000070bc00000, 0x000000070bc00000| Untracked 
| 145|0x000000070bd00000, 0x000000070bd00000, 0x000000070be00000|  0%| F|  |TAMS 0x000000070bd00000, 0x000000070bd00000| Untracked 
| 146|0x000000070be00000, 0x000000070be00000, 0x000000070bf00000|  0%| F|  |TAMS 0x000000070be00000, 0x000000070be00000| Untracked 
| 147|0x000000070bf00000, 0x000000070bf00000, 0x000000070c000000|  0%| F|  |TAMS 0x000000070bf00000, 0x000000070bf00000| Untracked 
| 148|0x000000070c000000, 0x000000070c000000, 0x000000070c100000|  0%| F|  |TAMS 0x000000070c000000, 0x000000070c000000| Untracked 
| 149|0x000000070c100000, 0x000000070c100000, 0x000000070c200000|  0%| F|  |TAMS 0x000000070c100000, 0x000000070c100000| Untracked 
| 150|0x000000070c200000, 0x000000070c200000, 0x000000070c300000|  0%| F|  |TAMS 0x000000070c200000, 0x000000070c200000| Untracked 
| 151|0x000000070c300000, 0x000000070c300000, 0x000000070c400000|  0%| F|  |TAMS 0x000000070c300000, 0x000000070c300000| Untracked 
| 152|0x000000070c400000, 0x000000070c400000, 0x000000070c500000|  0%| F|  |TAMS 0x000000070c400000, 0x000000070c400000| Untracked 
| 153|0x000000070c500000, 0x000000070c500000, 0x000000070c600000|  0%| F|  |TAMS 0x000000070c500000, 0x000000070c500000| Untracked 
| 154|0x000000070c600000, 0x000000070c600000, 0x000000070c700000|  0%| F|  |TAMS 0x000000070c600000, 0x000000070c600000| Untracked 
| 155|0x000000070c700000, 0x000000070c700000, 0x000000070c800000|  0%| F|  |TAMS 0x000000070c700000, 0x000000070c700000| Untracked 
| 156|0x000000070c800000, 0x000000070c800000, 0x000000070c900000|  0%| F|  |TAMS 0x000000070c800000, 0x000000070c800000| Untracked 
| 157|0x000000070c900000, 0x000000070c900000, 0x000000070ca00000|  0%| F|  |TAMS 0x000000070c900000, 0x000000070c900000| Untracked 
| 158|0x000000070ca00000, 0x000000070ca00000, 0x000000070cb00000|  0%| F|  |TAMS 0x000000070ca00000, 0x000000070ca00000| Untracked 
| 159|0x000000070cb00000, 0x000000070cb00000, 0x000000070cc00000|  0%| F|  |TAMS 0x000000070cb00000, 0x000000070cb00000| Untracked 
| 160|0x000000070cc00000, 0x000000070cc00000, 0x000000070cd00000|  0%| F|  |TAMS 0x000000070cc00000, 0x000000070cc00000| Untracked 
| 161|0x000000070cd00000, 0x000000070cd00000, 0x000000070ce00000|  0%| F|  |TAMS 0x000000070cd00000, 0x000000070cd00000| Untracked 
| 162|0x000000070ce00000, 0x000000070ce00000, 0x000000070cf00000|  0%| F|  |TAMS 0x000000070ce00000, 0x000000070ce00000| Untracked 
| 163|0x000000070cf00000, 0x000000070cf00000, 0x000000070d000000|  0%| F|  |TAMS 0x000000070cf00000, 0x000000070cf00000| Untracked 
| 164|0x000000070d000000, 0x000000070d000000, 0x000000070d100000|  0%| F|  |TAMS 0x000000070d000000, 0x000000070d000000| Untracked 
| 165|0x000000070d100000, 0x000000070d100000, 0x000000070d200000|  0%| F|  |TAMS 0x000000070d100000, 0x000000070d100000| Untracked 
| 166|0x000000070d200000, 0x000000070d200000, 0x000000070d300000|  0%| F|  |TAMS 0x000000070d200000, 0x000000070d200000| Untracked 
| 167|0x000000070d300000, 0x000000070d300000, 0x000000070d400000|  0%| F|  |TAMS 0x000000070d300000, 0x000000070d300000| Untracked 
| 168|0x000000070d400000, 0x000000070d400000, 0x000000070d500000|  0%| F|  |TAMS 0x000000070d400000, 0x000000070d400000| Untracked 
| 169|0x000000070d500000, 0x000000070d500000, 0x000000070d600000|  0%| F|  |TAMS 0x000000070d500000, 0x000000070d500000| Untracked 
| 170|0x000000070d600000, 0x000000070d600000, 0x000000070d700000|  0%| F|  |TAMS 0x000000070d600000, 0x000000070d600000| Untracked 
| 171|0x000000070d700000, 0x000000070d700000, 0x000000070d800000|  0%| F|  |TAMS 0x000000070d700000, 0x000000070d700000| Untracked 
| 172|0x000000070d800000, 0x000000070d800000, 0x000000070d900000|  0%| F|  |TAMS 0x000000070d800000, 0x000000070d800000| Untracked 
| 173|0x000000070d900000, 0x000000070d900000, 0x000000070da00000|  0%| F|  |TAMS 0x000000070d900000, 0x000000070d900000| Untracked 
| 174|0x000000070da00000, 0x000000070da00000, 0x000000070db00000|  0%| F|  |TAMS 0x000000070da00000, 0x000000070da00000| Untracked 
| 175|0x000000070db00000, 0x000000070db00000, 0x000000070dc00000|  0%| F|  |TAMS 0x000000070db00000, 0x000000070db00000| Untracked 
| 176|0x000000070dc00000, 0x000000070dc00000, 0x000000070dd00000|  0%| F|  |TAMS 0x000000070dc00000, 0x000000070dc00000| Untracked 
| 177|0x000000070dd00000, 0x000000070dd00000, 0x000000070de00000|  0%| F|  |TAMS 0x000000070dd00000, 0x000000070dd00000| Untracked 
| 178|0x000000070de00000, 0x000000070de00000, 0x000000070df00000|  0%| F|  |TAMS 0x000000070de00000, 0x000000070de00000| Untracked 
| 179|0x000000070df00000, 0x000000070df00000, 0x000000070e000000|  0%| F|  |TAMS 0x000000070df00000, 0x000000070df00000| Untracked 
| 180|0x000000070e000000, 0x000000070e000000, 0x000000070e100000|  0%| F|  |TAMS 0x000000070e000000, 0x000000070e000000| Untracked 
| 181|0x000000070e100000, 0x000000070e100000, 0x000000070e200000|  0%| F|  |TAMS 0x000000070e100000, 0x000000070e100000| Untracked 
| 182|0x000000070e200000, 0x000000070e200000, 0x000000070e300000|  0%| F|  |TAMS 0x000000070e200000, 0x000000070e200000| Untracked 
| 183|0x000000070e300000, 0x000000070e300000, 0x000000070e400000|  0%| F|  |TAMS 0x000000070e300000, 0x000000070e300000| Untracked 
| 184|0x000000070e400000, 0x000000070e400000, 0x000000070e500000|  0%| F|  |TAMS 0x000000070e400000, 0x000000070e400000| Untracked 
| 185|0x000000070e500000, 0x000000070e500000, 0x000000070e600000|  0%| F|  |TAMS 0x000000070e500000, 0x000000070e500000| Untracked 
| 186|0x000000070e600000, 0x000000070e600000, 0x000000070e700000|  0%| F|  |TAMS 0x000000070e600000, 0x000000070e600000| Untracked 
| 187|0x000000070e700000, 0x000000070e700000, 0x000000070e800000|  0%| F|  |TAMS 0x000000070e700000, 0x000000070e700000| Untracked 
| 188|0x000000070e800000, 0x000000070e800000, 0x000000070e900000|  0%| F|  |TAMS 0x000000070e800000, 0x000000070e800000| Untracked 
| 189|0x000000070e900000, 0x000000070e900000, 0x000000070ea00000|  0%| F|  |TAMS 0x000000070e900000, 0x000000070e900000| Untracked 
| 190|0x000000070ea00000, 0x000000070ea00000, 0x000000070eb00000|  0%| F|  |TAMS 0x000000070ea00000, 0x000000070ea00000| Untracked 
| 191|0x000000070eb00000, 0x000000070eb00000, 0x000000070ec00000|  0%| F|  |TAMS 0x000000070eb00000, 0x000000070eb00000| Untracked 
| 192|0x000000070ec00000, 0x000000070ec00000, 0x000000070ed00000|  0%| F|  |TAMS 0x000000070ec00000, 0x000000070ec00000| Untracked 
| 193|0x000000070ed00000, 0x000000070ed00000, 0x000000070ee00000|  0%| F|  |TAMS 0x000000070ed00000, 0x000000070ed00000| Untracked 
| 194|0x000000070ee00000, 0x000000070ee00000, 0x000000070ef00000|  0%| F|  |TAMS 0x000000070ee00000, 0x000000070ee00000| Untracked 
| 195|0x000000070ef00000, 0x000000070ef00000, 0x000000070f000000|  0%| F|  |TAMS 0x000000070ef00000, 0x000000070ef00000| Untracked 
| 196|0x000000070f000000, 0x000000070f000000, 0x000000070f100000|  0%| F|  |TAMS 0x000000070f000000, 0x000000070f000000| Untracked 
| 197|0x000000070f100000, 0x000000070f100000, 0x000000070f200000|  0%| F|  |TAMS 0x000000070f100000, 0x000000070f100000| Untracked 
| 198|0x000000070f200000, 0x000000070f200000, 0x000000070f300000|  0%| F|  |TAMS 0x000000070f200000, 0x000000070f200000| Untracked 
| 199|0x000000070f300000, 0x000000070f300000, 0x000000070f400000|  0%| F|  |TAMS 0x000000070f300000, 0x000000070f300000| Untracked 
| 200|0x000000070f400000, 0x000000070f400000, 0x000000070f500000|  0%| F|  |TAMS 0x000000070f400000, 0x000000070f400000| Untracked 
| 201|0x000000070f500000, 0x000000070f500000, 0x000000070f600000|  0%| F|  |TAMS 0x000000070f500000, 0x000000070f500000| Untracked 
| 202|0x000000070f600000, 0x000000070f600000, 0x000000070f700000|  0%| F|  |TAMS 0x000000070f600000, 0x000000070f600000| Untracked 
| 203|0x000000070f700000, 0x000000070f700000, 0x000000070f800000|  0%| F|  |TAMS 0x000000070f700000, 0x000000070f700000| Untracked 
| 204|0x000000070f800000, 0x000000070f800000, 0x000000070f900000|  0%| F|  |TAMS 0x000000070f800000, 0x000000070f800000| Untracked 
| 205|0x000000070f900000, 0x000000070f900000, 0x000000070fa00000|  0%| F|  |TAMS 0x000000070f900000, 0x000000070f900000| Untracked 
| 206|0x000000070fa00000, 0x000000070fa00000, 0x000000070fb00000|  0%| F|  |TAMS 0x000000070fa00000, 0x000000070fa00000| Untracked 
| 207|0x000000070fb00000, 0x000000070fb00000, 0x000000070fc00000|  0%| F|  |TAMS 0x000000070fb00000, 0x000000070fb00000| Untracked 
| 208|0x000000070fc00000, 0x000000070fc00000, 0x000000070fd00000|  0%| F|  |TAMS 0x000000070fc00000, 0x000000070fc00000| Untracked 
| 209|0x000000070fd00000, 0x000000070fd00000, 0x000000070fe00000|  0%| F|  |TAMS 0x000000070fd00000, 0x000000070fd00000| Untracked 
| 210|0x000000070fe00000, 0x000000070fe00000, 0x000000070ff00000|  0%| F|  |TAMS 0x000000070fe00000, 0x000000070fe00000| Untracked 
| 211|0x000000070ff00000, 0x000000070ff00000, 0x0000000710000000|  0%| F|  |TAMS 0x000000070ff00000, 0x000000070ff00000| Untracked 
| 212|0x0000000710000000, 0x0000000710000000, 0x0000000710100000|  0%| F|  |TAMS 0x0000000710000000, 0x0000000710000000| Untracked 
| 213|0x0000000710100000, 0x0000000710100000, 0x0000000710200000|  0%| F|  |TAMS 0x0000000710100000, 0x0000000710100000| Untracked 
| 214|0x0000000710200000, 0x0000000710200000, 0x0000000710300000|  0%| F|  |TAMS 0x0000000710200000, 0x0000000710200000| Untracked 
| 215|0x0000000710300000, 0x0000000710300000, 0x0000000710400000|  0%| F|  |TAMS 0x0000000710300000, 0x0000000710300000| Untracked 
| 216|0x0000000710400000, 0x0000000710400000, 0x0000000710500000|  0%| F|  |TAMS 0x0000000710400000, 0x0000000710400000| Untracked 
| 217|0x0000000710500000, 0x0000000710500000, 0x0000000710600000|  0%| F|  |TAMS 0x0000000710500000, 0x0000000710500000| Untracked 
| 218|0x0000000710600000, 0x0000000710600000, 0x0000000710700000|  0%| F|  |TAMS 0x0000000710600000, 0x0000000710600000| Untracked 
| 219|0x0000000710700000, 0x0000000710700000, 0x0000000710800000|  0%| F|  |TAMS 0x0000000710700000, 0x0000000710700000| Untracked 
| 220|0x0000000710800000, 0x0000000710800000, 0x0000000710900000|  0%| F|  |TAMS 0x0000000710800000, 0x0000000710800000| Untracked 
| 221|0x0000000710900000, 0x0000000710900000, 0x0000000710a00000|  0%| F|  |TAMS 0x0000000710900000, 0x0000000710900000| Untracked 
| 222|0x0000000710a00000, 0x0000000710a00000, 0x0000000710b00000|  0%| F|  |TAMS 0x0000000710a00000, 0x0000000710a00000| Untracked 
| 223|0x0000000710b00000, 0x0000000710b00000, 0x0000000710c00000|  0%| F|  |TAMS 0x0000000710b00000, 0x0000000710b00000| Untracked 
| 224|0x0000000710c00000, 0x0000000710c00000, 0x0000000710d00000|  0%| F|  |TAMS 0x0000000710c00000, 0x0000000710c00000| Untracked 
| 225|0x0000000710d00000, 0x0000000710d00000, 0x0000000710e00000|  0%| F|  |TAMS 0x0000000710d00000, 0x0000000710d00000| Untracked 
| 226|0x0000000710e00000, 0x0000000710e00000, 0x0000000710f00000|  0%| F|  |TAMS 0x0000000710e00000, 0x0000000710e00000| Untracked 
| 227|0x0000000710f00000, 0x0000000710f00000, 0x0000000711000000|  0%| F|  |TAMS 0x0000000710f00000, 0x0000000710f00000| Untracked 
| 228|0x0000000711000000, 0x0000000711000000, 0x0000000711100000|  0%| F|  |TAMS 0x0000000711000000, 0x0000000711000000| Untracked 
| 229|0x0000000711100000, 0x0000000711100000, 0x0000000711200000|  0%| F|  |TAMS 0x0000000711100000, 0x0000000711100000| Untracked 
| 230|0x0000000711200000, 0x0000000711200000, 0x0000000711300000|  0%| F|  |TAMS 0x0000000711200000, 0x0000000711200000| Untracked 
| 231|0x0000000711300000, 0x0000000711300000, 0x0000000711400000|  0%| F|  |TAMS 0x0000000711300000, 0x0000000711300000| Untracked 
| 232|0x0000000711400000, 0x0000000711400000, 0x0000000711500000|  0%| F|  |TAMS 0x0000000711400000, 0x0000000711400000| Untracked 
| 233|0x0000000711500000, 0x0000000711500000, 0x0000000711600000|  0%| F|  |TAMS 0x0000000711500000, 0x0000000711500000| Untracked 
| 234|0x0000000711600000, 0x0000000711600000, 0x0000000711700000|  0%| F|  |TAMS 0x0000000711600000, 0x0000000711600000| Untracked 
| 235|0x0000000711700000, 0x0000000711700000, 0x0000000711800000|  0%| F|  |TAMS 0x0000000711700000, 0x0000000711700000| Untracked 
| 236|0x0000000711800000, 0x0000000711800000, 0x0000000711900000|  0%| F|  |TAMS 0x0000000711800000, 0x0000000711800000| Untracked 
| 237|0x0000000711900000, 0x0000000711900000, 0x0000000711a00000|  0%| F|  |TAMS 0x0000000711900000, 0x0000000711900000| Untracked 
| 238|0x0000000711a00000, 0x0000000711a00000, 0x0000000711b00000|  0%| F|  |TAMS 0x0000000711a00000, 0x0000000711a00000| Untracked 
| 239|0x0000000711b00000, 0x0000000711b00000, 0x0000000711c00000|  0%| F|  |TAMS 0x0000000711b00000, 0x0000000711b00000| Untracked 
| 240|0x0000000711c00000, 0x0000000711c00000, 0x0000000711d00000|  0%| F|  |TAMS 0x0000000711c00000, 0x0000000711c00000| Untracked 
| 241|0x0000000711d00000, 0x0000000711d00000, 0x0000000711e00000|  0%| F|  |TAMS 0x0000000711d00000, 0x0000000711d00000| Untracked 
| 242|0x0000000711e00000, 0x0000000711e00000, 0x0000000711f00000|  0%| F|  |TAMS 0x0000000711e00000, 0x0000000711e00000| Untracked 
| 243|0x0000000711f00000, 0x0000000711f00000, 0x0000000712000000|  0%| F|  |TAMS 0x0000000711f00000, 0x0000000711f00000| Untracked 
| 244|0x0000000712000000, 0x0000000712000000, 0x0000000712100000|  0%| F|  |TAMS 0x0000000712000000, 0x0000000712000000| Untracked 
| 245|0x0000000712100000, 0x0000000712100000, 0x0000000712200000|  0%| F|  |TAMS 0x0000000712100000, 0x0000000712100000| Untracked 
| 246|0x0000000712200000, 0x0000000712200000, 0x0000000712300000|  0%| F|  |TAMS 0x0000000712200000, 0x0000000712200000| Untracked 
| 247|0x0000000712300000, 0x0000000712300000, 0x0000000712400000|  0%| F|  |TAMS 0x0000000712300000, 0x0000000712300000| Untracked 
| 248|0x0000000712400000, 0x0000000712400000, 0x0000000712500000|  0%| F|  |TAMS 0x0000000712400000, 0x0000000712400000| Untracked 
| 249|0x0000000712500000, 0x0000000712500000, 0x0000000712600000|  0%| F|  |TAMS 0x0000000712500000, 0x0000000712500000| Untracked 
| 250|0x0000000712600000, 0x0000000712600000, 0x0000000712700000|  0%| F|  |TAMS 0x0000000712600000, 0x0000000712600000| Untracked 
| 251|0x0000000712700000, 0x0000000712700000, 0x0000000712800000|  0%| F|  |TAMS 0x0000000712700000, 0x0000000712700000| Untracked 
| 252|0x0000000712800000, 0x00000007128f6458, 0x0000000712900000| 96%| E|  |TAMS 0x0000000712800000, 0x0000000712800000| Complete 
| 253|0x0000000712900000, 0x0000000712a00000, 0x0000000712a00000|100%| E|CS|TAMS 0x0000000712900000, 0x0000000712900000| Complete 

Card table byte_map: [0x000001d533cd0000,0x000001d5344c0000] _byte_map_base: 0x000001d5304ba000

Marking Bits (Prev, Next): (CMBitMap*) 0x000001d51b71f058, (CMBitMap*) 0x000001d51b71f098
 Prev Bits: [0x000001d534cb0000, 0x000001d538c00000)
 Next Bits: [0x000001d538c00000, 0x000001d53cb50000)

Polling page: 0x000001d519620000

Metaspace:

Usage:
  Non-class:      4.01 MB capacity,   282.41 KB (  7%) used,     3.74 MB ( 93%) free+waste,   384 bytes ( <1%) overhead. 
      Class:    390.00 KB capacity,    23.80 KB (  6%) used,   365.89 KB ( 94%) free+waste,   320 bytes ( <1%) overhead. 
       Both:      4.39 MB capacity,   306.21 KB (  7%) used,     4.09 MB ( 93%) free+waste,   704 bytes ( <1%) overhead. 

Virtual space:
  Non-class space:        8.00 MB reserved,       4.25 MB ( 53%) committed 
      Class space:        1.00 GB reserved,     512.00 KB ( <1%) committed 
             Both:        1.01 GB reserved,       4.75 MB ( <1%) committed 

Chunk freelists:
   Non-Class:  2.00 KB
       Class:  0 bytes
        Both:  2.00 KB

MaxMetaspaceSize: 17179869184.00 GB
CompressedClassSpaceSize: 1.00 GB

CodeHeap 'non-profiled nmethods': size=120000Kb used=30Kb max_used=30Kb free=119969Kb
 bounds [0x000001d52b950000, 0x000001d52bbc0000, 0x000001d532e80000]
CodeHeap 'profiled nmethods': size=120000Kb used=132Kb max_used=132Kb free=119867Kb
 bounds [0x000001d524420000, 0x000001d524690000, 0x000001d52b950000]
CodeHeap 'non-nmethods': size=5760Kb used=1087Kb max_used=1098Kb free=4672Kb
 bounds [0x000001d523e80000, 0x000001d5240f0000, 0x000001d524420000]
 total_blobs=724 nmethods=103 adapters=222
 compilation: enabled
              stopped_count=0, restarted_count=0
 full_count=0

Compilation events (20 events):
Event: 0.134 Thread 0x000001d5401aa800 nmethod 83 0x000001d52443cd90 code [0x000001d52443cf60, 0x000001d52443d378]
Event: 0.135 Thread 0x000001d5401aa800   84       3       java.lang.StringBuilder::append (8 bytes)
Event: 0.135 Thread 0x000001d5401aa800 nmethod 84 0x000001d52443d490 code [0x000001d52443d640, 0x000001d52443d810]
Event: 0.135 Thread 0x000001d5401aa800   85       3       java.lang.AbstractStringBuilder::append (77 bytes)
Event: 0.136 Thread 0x000001d5401aa800 nmethod 85 0x000001d52443d890 code [0x000001d52443daa0, 0x000001d52443e1b0]
Event: 0.136 Thread 0x000001d5401aa800   86       3       java.lang.Math::min (11 bytes)
Event: 0.136 Thread 0x000001d5401aa800 nmethod 86 0x000001d52443e410 code [0x000001d52443e5c0, 0x000001d52443e758]
Event: 0.138 Thread 0x000001d5401aa800   87       3       java.lang.String::<init> (15 bytes)
Event: 0.138 Thread 0x000001d5401aa800 nmethod 87 0x000001d52443e810 code [0x000001d52443e9c0, 0x000001d52443ebf8]
Event: 0.149 Thread 0x000001d5401aa800   92       1       java.lang.Enum::ordinal (5 bytes)
Event: 0.149 Thread 0x000001d5401aa800 nmethod 92 0x000001d52b956010 code [0x000001d52b9561a0, 0x000001d52b9562d8]
Event: 0.150 Thread 0x000001d5401aa800   93       1       java.lang.Class::getClassLoader0 (5 bytes)
Event: 0.150 Thread 0x000001d5401aa800 nmethod 93 0x000001d52b956810 code [0x000001d52b9569a0, 0x000001d52b956ad8]
Event: 0.157 Thread 0x000001d5401a9000   99       4       java.lang.String::isLatin1 (19 bytes)
Event: 0.158 Thread 0x000001d5401a9000 nmethod 99 0x000001d52b957790 code [0x000001d52b957920, 0x000001d52b957998]
Event: 0.158 Thread 0x000001d5401aa800  100       3       java.lang.String::indexOf (29 bytes)
Event: 0.159 Thread 0x000001d5401aa800 nmethod 100 0x000001d52443ec90 code [0x000001d52443ee60, 0x000001d52443f180]
Event: 0.159 Thread 0x000001d5401aa800  101       3       java.lang.String::getBytes (44 bytes)
Event: 0.159 Thread 0x000001d5401aa800 nmethod 101 0x000001d52443f290 code [0x000001d52443f460, 0x000001d52443f840]
Event: 0.181 Thread 0x000001d5401aa800  102       3       java.util.Arrays::copyOfRange (64 bytes)

GC Heap History (0 events):
No events

Deoptimization events (4 events):
Event: 0.123 Thread 0x000001d51b6b0000 Uncommon trap: trap_request=0xffffff45 fr.pc=0x000001d52b954f1c relative=0x00000000000001fc
Event: 0.123 Thread 0x000001d51b6b0000 Uncommon trap: reason=unstable_if action=reinterpret pc=0x000001d52b954f1c method=java.lang.String.hashCode()I @ 42 c2
Event: 0.123 Thread 0x000001d51b6b0000 DEOPT PACKING pc=0x000001d52b954f1c sp=0x0000000e166fd220
Event: 0.123 Thread 0x000001d51b6b0000 DEOPT UNPACKING pc=0x000001d523ec912f sp=0x0000000e166fd1b8 mode 2

Classes unloaded (0 events):
No events

Classes redefined (0 events):
No events

Internal exceptions (2 events):
Event: 0.160 Thread 0x000001d540306000 Exception <a 'java/lang/NoSuchMethodError'{0x000000071287f170}: static Lcrossplatformapi/main/keyboard/KeyEventReceiver;.pressHotKey(I)V> (0x000000071287f170) 
thrown [c:/cygwin64/tmp/openjdk-jdk13u-windows-x64-hotspot/workspace/build/src/src/hotspot/share/prims/jni.cpp, line 1347]
Event: 0.160 Thread 0x000001d540306000 Exception <a 'java/lang/NoSuchMethodError'{0x000000071287f4b8}: static Lcrossplatformapi/main/keyboard/KeyEventReceiver;.releaseHotKey(I)V> (0x000000071287f4b8) 
thrown [c:/cygwin64/tmp/openjdk-jdk13u-windows-x64-hotspot/workspace/build/src/src/hotspot/share/prims/jni.cpp, line 1347]

Events (20 events):
Event: 0.127 loading class jdk/internal/loader/URLClassPath$FileLoader$1 done
Event: 0.129 Thread 0x000001d5402e9800 Thread added: 0x000001d5402e9800
Event: 0.129 Executing VM operation: RevokeBias
Event: 0.129 Executing VM operation: RevokeBias done
Event: 0.131 loading class java/lang/InterruptedException
Event: 0.131 loading class java/lang/InterruptedException done
Event: 0.132 loading class crossplatformapi/main/LibraryLoader
Event: 0.132 loading class crossplatformapi/main/LibraryLoader done
Event: 0.134 loading class java/lang/ClassLoaderHelper
Event: 0.134 loading class java/lang/ClassLoaderHelper done
Event: 0.141 Loaded shared library J:\D\Schule Informatik\git\CrossPlatformAPI\CrossPlatformAPIWindows.dll
Event: 0.155 Thread 0x000001d540306000 Thread added: 0x000001d540306000
Event: 0.155 loading class crossplatformapi/jni/keyboard/NativeKeyboard
Event: 0.155 loading class crossplatformapi/jni/keyboard/NativeKeyboard done
Event: 0.157 Executing VM operation: RevokeBias
Event: 0.157 Executing VM operation: RevokeBias done
Event: 0.157 loading class crossplatformapi/jni/keyboard/KeyboardListener
Event: 0.157 loading class crossplatformapi/jni/keyboard/KeyboardListener done
Event: 0.158 loading class crossplatformapi/main/keyboard/KeyEventReceiver
Event: 0.158 loading class crossplatformapi/main/keyboard/KeyEventReceiver done


Dynamic libraries:
0x00007ff67ca80000 - 0x00007ff67ca8d000 	C:\Program Files\AdoptOpenJDK\jdk-13.0.1.9-hotspot\bin\javaw.exe
0x00007ffdcd060000 - 0x00007ffdcd250000 	C:\WINDOWS\SYSTEM32\ntdll.dll
0x00007ffdb2180000 - 0x00007ffdb2194000 	C:\Program Files\AVAST Software\Avast\aswhook.dll
0x00007ffdcbd00000 - 0x00007ffdcbdb2000 	C:\WINDOWS\System32\KERNEL32.DLL
0x00007ffdca0a0000 - 0x00007ffdca343000 	C:\WINDOWS\System32\KERNELBASE.dll
0x00007ffdcadb0000 - 0x00007ffdcaeaa000 	C:\WINDOWS\System32\ucrtbase.dll
0x00007ffdc4020000 - 0x00007ffdc4038000 	C:\Program Files\AdoptOpenJDK\jdk-13.0.1.9-hotspot\bin\jli.dll
0x00007ffdccaa0000 - 0x00007ffdccc34000 	C:\WINDOWS\System32\USER32.dll
0x00007ffdca070000 - 0x00007ffdca091000 	C:\WINDOWS\System32\win32u.dll
0x00007ffdcb9c0000 - 0x00007ffdcb9e6000 	C:\WINDOWS\System32\GDI32.dll
0x00007ffdcaeb0000 - 0x00007ffdcb044000 	C:\WINDOWS\System32\gdi32full.dll
0x00007ffdcb070000 - 0x00007ffdcb10e000 	C:\WINDOWS\System32\msvcp_win.dll
0x00007ffdc4000000 - 0x00007ffdc4015000 	C:\Program Files\AdoptOpenJDK\jdk-13.0.1.9-hotspot\bin\VCRUNTIME140.dll
0x00007ffdc9440000 - 0x00007ffdc96c5000 	C:\WINDOWS\WinSxS\amd64_microsoft.windows.common-controls_6595b64144ccf1df_6.0.18362.535_none_e6c3b34713100821\COMCTL32.dll
0x00007ffdcb6c0000 - 0x00007ffdcb75e000 	C:\WINDOWS\System32\msvcrt.dll
0x00007ffdccc40000 - 0x00007ffdccf76000 	C:\WINDOWS\System32\combase.dll
0x00007ffdcbbe0000 - 0x00007ffdcbd00000 	C:\WINDOWS\System32\RPCRT4.dll
0x00007ffdc9ff0000 - 0x00007ffdca070000 	C:\WINDOWS\System32\bcryptPrimitives.dll
0x00007ffdcb120000 - 0x00007ffdcb14e000 	C:\WINDOWS\System32\IMM32.DLL
0x00007ffdc2380000 - 0x00007ffdc241b000 	C:\Program Files\AdoptOpenJDK\jdk-13.0.1.9-hotspot\bin\msvcp140.dll
0x00007ffd75bf0000 - 0x00007ffd767e4000 	C:\Program Files\AdoptOpenJDK\jdk-13.0.1.9-hotspot\bin\server\jvm.dll
0x00007ffdcc9f0000 - 0x00007ffdcca93000 	C:\WINDOWS\System32\ADVAPI32.dll
0x00007ffdccf80000 - 0x00007ffdcd017000 	C:\WINDOWS\System32\sechost.dll
0x00007ffdcb110000 - 0x00007ffdcb118000 	C:\WINDOWS\System32\PSAPI.DLL
0x00007ffdb6db0000 - 0x00007ffdb6db9000 	C:\WINDOWS\SYSTEM32\WSOCK32.dll
0x00007ffdcb760000 - 0x00007ffdcb7cf000 	C:\WINDOWS\System32\WS2_32.dll
0x00007ffdc6ed0000 - 0x00007ffdc6ef4000 	C:\WINDOWS\SYSTEM32\WINMM.dll
0x00007ffdc2730000 - 0x00007ffdc273a000 	C:\WINDOWS\SYSTEM32\VERSION.dll
0x00007ffdc6a50000 - 0x00007ffdc6a7d000 	C:\WINDOWS\SYSTEM32\WINMMBASE.dll
0x00007ffdcad60000 - 0x00007ffdcadaa000 	C:\WINDOWS\System32\cfgmgr32.dll
0x00007ffdc9f40000 - 0x00007ffdc9f51000 	C:\WINDOWS\System32\kernel.appcore.dll
0x00007ffd97bb0000 - 0x00007ffd97bc0000 	C:\Program Files\AdoptOpenJDK\jdk-13.0.1.9-hotspot\bin\verify.dll
0x00007ffdc9a50000 - 0x00007ffdc9c44000 	C:\WINDOWS\SYSTEM32\DBGHELP.DLL
0x00007ffdc9960000 - 0x00007ffdc998a000 	C:\WINDOWS\SYSTEM32\dbgcore.DLL
0x00007ffd7c840000 - 0x00007ffd7c866000 	C:\Program Files\AdoptOpenJDK\jdk-13.0.1.9-hotspot\bin\java.dll
0x00007ffd86c70000 - 0x00007ffd86c87000 	C:\Program Files\AdoptOpenJDK\jdk-13.0.1.9-hotspot\bin\zip.dll
0x00007ffd911a0000 - 0x00007ffd911aa000 	C:\Program Files\AdoptOpenJDK\jdk-13.0.1.9-hotspot\bin\jimage.dll
0x00007ffdcbdd0000 - 0x00007ffdcc4b5000 	C:\WINDOWS\System32\SHELL32.dll
0x00007ffdcba50000 - 0x00007ffdcbaf9000 	C:\WINDOWS\System32\shcore.dll
0x00007ffdca350000 - 0x00007ffdcaacf000 	C:\WINDOWS\System32\windows.storage.dll
0x00007ffdc9f60000 - 0x00007ffdc9f7f000 	C:\WINDOWS\System32\profapi.dll
0x00007ffdc9f80000 - 0x00007ffdc9fca000 	C:\WINDOWS\System32\powrprof.dll
0x00007ffdc9f30000 - 0x00007ffdc9f40000 	C:\WINDOWS\System32\UMPDC.dll
0x00007ffdcb5f0000 - 0x00007ffdcb642000 	C:\WINDOWS\System32\shlwapi.dll
0x00007ffdcb050000 - 0x00007ffdcb067000 	C:\WINDOWS\System32\cryptsp.dll
0x00007ffdc2ac0000 - 0x00007ffdc2ac9000 	J:\D\Schule Informatik\git\CrossPlatformAPI\CrossPlatformAPIWindows.dll
0x00007ffdb5a90000 - 0x00007ffdb5a9a000 	C:\WINDOWS\SYSTEM32\SensApi.dll

dbghelp: loaded successfully - version: 4.0.5 - missing functions: none
symbol engine: initialized successfully - sym options: 0x614 - pdb path: .;C:\Program Files\AdoptOpenJDK\jdk-13.0.1.9-hotspot\bin;C:\WINDOWS\SYSTEM32;C:\Program Files\AVAST Software\Avast;C:\WINDOWS\WinSxS\amd64_microsoft.windows.common-controls_6595b64144ccf1df_6.0.18362.535_none_e6c3b34713100821;C:\Program Files\AdoptOpenJDK\jdk-13.0.1.9-hotspot\bin\server;J:\D\Schule Informatik\git\CrossPlatformAPI

VM Arguments:
jvm_args: -Dfile.encoding=UTF-8 
java_command: crossplatformapi.test
java_class_path (initial): J:\D\Schule Informatik\git\CrossPlatformAPI\bin
Launcher Type: SUN_STANDARD

[Global flags]
     intx CICompilerCount                          = 4                                         {product} {ergonomic}
     uint ConcGCThreads                            = 3                                         {product} {ergonomic}
     uint G1ConcRefinementThreads                  = 10                                        {product} {ergonomic}
   size_t G1HeapRegionSize                         = 1048576                                   {product} {ergonomic}
    uintx GCDrainStackTargetSize                   = 64                                        {product} {ergonomic}
   size_t InitialHeapSize                          = 266338304                                 {product} {ergonomic}
   size_t MarkStackSize                            = 4194304                                   {product} {ergonomic}
   size_t MaxHeapSize                              = 4248829952                                {product} {ergonomic}
   size_t MaxNewSize                               = 2549088256                                {product} {ergonomic}
   size_t MinHeapDeltaBytes                        = 1048576                                   {product} {ergonomic}
   size_t MinHeapSize                              = 8388608                                   {product} {ergonomic}
    uintx NonNMethodCodeHeapSize                   = 5836300                                {pd product} {ergonomic}
    uintx NonProfiledCodeHeapSize                  = 122910970                              {pd product} {ergonomic}
    uintx ProfiledCodeHeapSize                     = 122910970                              {pd product} {ergonomic}
    uintx ReservedCodeCacheSize                    = 251658240                              {pd product} {ergonomic}
     bool SegmentedCodeCache                       = true                                      {product} {ergonomic}
   size_t SoftMaxHeapSize                          = 4248829952                             {manageable} {ergonomic}
     bool UseCompressedClassPointers               = true                                 {lp64_product} {ergonomic}
     bool UseCompressedOops                        = true                                 {lp64_product} {ergonomic}
     bool UseG1GC                                  = true                                      {product} {ergonomic}
     bool UseLargePagesIndividualAllocation        = false                                  {pd product} {ergonomic}

Logging:
Log output configuration:
 #0: stdout all=warning uptime,level,tags
 #1: stderr all=off uptime,level,tags

Environment Variables:
JAVA_HOME=C:\Program Files\AdoptOpenJDK\jdk-13.0.1.9-hotspot
PATH=C:/Program Files/AdoptOpenJDK/jdk-13.0.1.9-hotspot/bin/client;C:/Program Files/AdoptOpenJDK/jdk-13.0.1.9-hotspot/bin;C:\Program Files\AdoptOpenJDK\jdk-13.0.1.9-hotspot\bin;C:\Program Files (x86)\Intel\Intel(R) Management Engine Components\iCLS\;C:\Program Files\Intel\Intel(R) Management Engine Components\iCLS\;C:\Windows\system32;C:\Windows;C:\Windows\System32\Wbem;C:\Windows\System32\WindowsPowerShell\v1.0\;C:\Windows\System32\OpenSSH\;C:\Program Files (x86)\Intel\Intel(R) Management Engine Components\DAL;C:\Program Files\Intel\Intel(R) Management Engine Components\DAL;C:\Program Files (x86)\Intel\Intel(R) Management Engine Components\IPT;C:\Program Files\Intel\Intel(R) Management Engine Components\IPT;C:\Program Files (x86)\NVIDIA Corporation\PhysX\Common;C:\Program Files\Intel\WiFi\bin\;C:\Program Files\Common Files\Intel\WirelessCommon\;C:\Program Files\NVIDIA Corporation\NVIDIA NvDLISR;C:\Program Files\Git\cmd;C:\WINDOWS\system32;C:\WINDOWS;C:\WINDOWS\System32\Wbem;C:\WINDOWS\System32\WindowsPowerShell\v1.0\;C:\WINDOWS\System32\OpenSSH\;C:\Program Files\dotnet\;C:\Program Files\PuTTY\;C:\ProgramData\chocolatey\bin;J:\Programme\ffmpeg-win64\4.2.1\bin;C:\Users\Julian\AppData\Local\Microsoft\WindowsApps;C:\Program Files\Intel\WiFi\bin\;C:\Program Files\Common Files\Intel\WirelessCommon\;C:\Users\Julian\AppData\Local\Programs\Microsoft VS Code\bin;J:\Spiele\eclipse\eclipse 12-2019;
USERNAME=Julian
OS=Windows_NT
PROCESSOR_IDENTIFIER=Intel64 Family 6 Model 158 Stepping 10, GenuineIntel



---------------  S Y S T E M  ---------------

OS: Windows 10 , 64 bit Build 18362 (10.0.18362.329)
HyperV virtualization detected

CPU:total 12 (initial active 12) (6 cores per cpu, 2 threads per core) family 6 model 158 stepping 10, cmov, cx8, fxsr, mmx, sse, sse2, sse3, ssse3, sse4.1, sse4.2, popcnt, avx, avx2, aes, clmul, erms, 3dnowpref, lzcnt, ht, tsc, tscinvbit, bmi1, bmi2, adx, fma

Memory: 4k page, system-wide physical 16204M (9129M free)
TotalPageFile size 21836M (AvailPageFile size 10837M)
current process WorkingSet (physical memory assigned to process): 29M, peak: 29M
current process commit charge ("private bytes"): 350M, peak: 350M

vm_info: OpenJDK 64-Bit Server VM (13.0.1+9) for windows-amd64 JRE (13.0.1+9), built on Oct 26 2019 10:16:33 by "" with MS VC++ 15.8 (VS2017)

END.
